SF:lib/contents/problems.dart
DA:10,0
DA:11,0
DA:14,1
DA:19,1
DA:23,1
DA:25,3
DA:26,3
DA:28,1
DA:29,1
DA:30,1
DA:31,1
DA:33,2
DA:36,1
DA:38,1
DA:39,2
DA:43,1
DA:44,1
DA:45,1
DA:46,1
DA:47,1
DA:49,2
DA:51,0
DA:56,2
DA:57,1
DA:58,1
DA:59,1
DA:60,1
DA:61,1
DA:63,2
DA:64,1
DA:65,1
DA:67,1
DA:68,1
DA:73,1
DA:74,1
DA:75,1
DA:76,1
DA:77,1
DA:80,1
DA:81,1
DA:82,1
DA:84,2
DA:85,1
DA:88,1
DA:89,1
DA:90,1
DA:91,1
DA:93,1
DA:94,1
DA:95,1
DA:96,1
DA:98,2
DA:99,2
DA:100,1
DA:101,1
DA:102,1
DA:103,1
DA:104,2
DA:109,1
DA:110,2
DA:111,1
DA:112,1
DA:113,2
DA:114,1
DA:125,1
DA:126,1
DA:131,1
DA:132,1
DA:135,1
DA:136,2
DA:137,1
DA:138,1
DA:139,1
DA:140,2
DA:141,1
DA:146,1
DA:147,1
DA:153,1
DA:154,1
DA:155,1
DA:156,1
LF:81
LH:78
end_of_record
SF:lib/utils/utils.dart
DA:22,1
DA:23,1
DA:24,1
DA:26,1
DA:27,1
DA:28,1
DA:29,1
DA:34,1
DA:35,1
DA:36,1
DA:39,1
DA:40,1
DA:42,1
DA:44,1
DA:45,1
DA:47,1
DA:49,1
DA:50,1
DA:57,0
DA:58,0
DA:60,0
DA:61,0
DA:66,1
DA:67,1
DA:68,1
DA:71,1
DA:72,1
DA:74,1
DA:76,1
DA:77,1
DA:79,1
DA:81,1
DA:82,1
DA:89,0
DA:91,1
DA:92,1
DA:93,1
DA:96,1
DA:97,1
DA:99,1
DA:101,1
DA:102,1
DA:104,1
DA:106,1
DA:107,1
DA:114,0
DA:115,0
DA:117,0
DA:118,0
DA:127,1
DA:128,1
DA:129,1
DA:132,1
DA:133,1
DA:135,1
DA:137,1
DA:138,1
DA:140,1
DA:142,1
DA:143,1
DA:150,0
DA:152,1
DA:153,1
DA:154,1
DA:157,1
DA:158,1
DA:160,1
DA:162,1
DA:163,1
DA:165,1
DA:167,1
DA:168,1
DA:175,0
DA:177,1
DA:178,1
DA:179,1
DA:182,1
DA:183,1
DA:185,1
DA:187,1
DA:188,1
DA:190,1
DA:192,1
DA:193,1
DA:200,0
DA:207,1
DA:208,4
DA:211,1
DA:212,1
DA:215,0
DA:217,0
DA:218,0
DA:219,0
DA:220,0
DA:222,0
DA:223,0
DA:225,0
DA:230,0
DA:232,0
DA:233,0
DA:234,0
DA:235,0
DA:237,0
DA:239,0
DA:241,0
DA:243,0
DA:245,0
DA:247,0
DA:249,0
DA:251,0
DA:253,0
DA:255,0
DA:257,0
DA:260,0
LF:114
LH:77
end_of_record
SF:lib/initScreen/HomeScreen.dart
DA:9,1
DA:10,1
DA:15,1
DA:17,2
DA:18,2
DA:19,2
DA:20,2
DA:22,1
DA:23,1
DA:24,1
DA:25,1
DA:27,2
DA:30,1
DA:32,1
DA:33,2
DA:37,1
DA:38,1
DA:39,1
DA:40,1
DA:41,1
DA:43,2
DA:45,0
DA:50,1
DA:52,2
DA:53,1
DA:54,1
DA:55,2
DA:56,3
DA:61,2
LF:29
LH:28
end_of_record
SF:lib/initScreen/splashScreen.dart
DA:6,0
DA:7,0
DA:13,0
DA:14,0
DA:16,0
DA:20,0
DA:22,0
DA:23,0
DA:26,0
DA:28,0
DA:29,0
DA:31,0
DA:33,0
DA:36,0
DA:37,0
DA:39,0
DA:40,0
DA:43,0
DA:44,0
DA:45,0
DA:46,0
DA:47,0
DA:49,0
DA:50,0
DA:52,0
DA:54,0
DA:56,0
LF:27
LH:0
end_of_record
