SF:lib/components/ScrumListBtn.dart
DA:9,1
DA:14,1
DA:18,1
DA:20,3
DA:21,3
DA:23,1
DA:24,2
DA:28,1
DA:29,1
LF:9
LH:9
end_of_record
SF:lib/utils/utils.dart
DA:26,0
DA:27,0
DA:32,1
DA:33,1
DA:34,1
DA:36,1
DA:37,1
DA:38,1
DA:39,1
DA:44,1
DA:45,1
DA:46,1
DA:49,1
DA:50,1
DA:52,1
DA:54,1
DA:55,1
DA:57,1
DA:59,1
DA:60,1
DA:67,0
DA:68,0
DA:70,0
DA:71,0
DA:76,1
DA:77,1
DA:78,1
DA:81,1
DA:82,1
DA:84,1
DA:86,1
DA:87,1
DA:89,1
DA:91,1
DA:92,1
DA:99,0
DA:100,0
DA:102,0
DA:103,0
DA:108,1
DA:109,1
DA:110,1
DA:113,1
DA:114,1
DA:116,1
DA:118,1
DA:119,1
DA:121,1
DA:123,1
DA:124,1
DA:131,0
DA:132,0
DA:134,0
DA:135,0
DA:140,1
DA:141,1
DA:142,1
DA:145,1
DA:146,1
DA:148,1
DA:150,1
DA:151,1
DA:153,1
DA:155,1
DA:156,1
DA:163,0
DA:164,0
DA:166,0
DA:167,0
DA:172,1
DA:173,1
DA:174,1
DA:177,1
DA:178,1
DA:180,1
DA:182,1
DA:183,1
DA:185,1
DA:187,1
DA:188,1
DA:195,0
DA:197,1
DA:198,1
DA:199,1
DA:202,1
DA:203,1
DA:205,1
DA:207,1
DA:208,1
DA:210,1
DA:212,1
DA:213,1
DA:220,0
DA:221,0
DA:223,0
DA:224,0
DA:234,1
DA:235,4
DA:238,1
DA:239,1
DA:242,0
DA:244,0
DA:245,0
DA:246,0
DA:247,0
DA:249,0
DA:250,0
DA:252,0
DA:257,0
DA:259,0
DA:260,0
DA:261,0
DA:262,0
DA:264,0
DA:266,0
DA:268,0
DA:270,0
DA:272,0
DA:274,0
DA:276,0
DA:278,0
DA:280,0
DA:282,0
DA:284,0
DA:287,0
LF:125
LH:77
end_of_record
SF:lib/components/ScrumPhaseBtn.dart
DA:9,1
DA:14,1
DA:18,1
DA:20,3
DA:21,3
DA:23,1
DA:24,2
DA:28,1
DA:29,1
LF:9
LH:9
end_of_record
SF:lib/components/ScrumPhaseContentBtn.dart
DA:10,1
DA:15,1
DA:19,1
DA:21,1
DA:22,1
DA:23,1
DA:24,1
DA:25,1
DA:26,1
DA:28,1
DA:31,1
DA:32,1
LF:12
LH:12
end_of_record
SF:lib/contents/ceremonies.dart
DA:10,0
DA:11,0
DA:16,1
DA:21,1
DA:23,1
DA:25,3
DA:26,3
DA:27,1
DA:28,1
DA:29,1
DA:30,1
DA:31,1
DA:33,2
DA:35,0
DA:36,0
DA:40,1
DA:42,1
DA:44,2
DA:47,1
DA:48,1
DA:49,1
DA:50,1
DA:51,1
DA:53,2
DA:55,0
DA:60,2
DA:61,1
DA:62,1
DA:63,1
DA:65,2
DA:66,1
DA:67,1
DA:69,1
DA:70,1
DA:75,1
DA:76,1
DA:77,1
DA:80,1
DA:81,1
DA:83,2
DA:84,1
DA:87,1
DA:88,1
DA:89,1
DA:91,1
DA:92,1
DA:93,1
DA:95,2
DA:96,2
DA:97,1
DA:98,1
DA:99,1
DA:100,2
DA:106,1
DA:107,2
DA:108,1
DA:109,1
DA:110,2
DA:111,1
DA:122,1
DA:123,1
DA:128,1
DA:131,1
DA:132,2
DA:133,1
DA:134,1
DA:135,1
DA:136,2
DA:137,1
DA:142,1
DA:143,1
DA:149,1
DA:150,1
DA:151,1
LF:74
LH:69
end_of_record
SF:lib/contents/problems.dart
DA:10,0
DA:11,0
DA:14,1
DA:19,1
DA:23,1
DA:25,3
DA:26,3
DA:27,1
DA:28,1
DA:29,1
DA:30,1
DA:31,1
DA:33,2
DA:35,0
DA:36,0
DA:40,1
DA:41,1
DA:42,1
DA:43,2
DA:47,1
DA:48,1
DA:49,1
DA:50,1
DA:51,1
DA:53,2
DA:55,0
DA:60,2
DA:61,1
DA:62,1
DA:63,1
DA:64,1
DA:65,1
DA:67,2
DA:68,1
DA:69,1
DA:71,1
DA:72,1
DA:77,1
DA:78,1
DA:79,1
DA:80,1
DA:81,1
DA:84,1
DA:85,1
DA:86,1
DA:88,2
DA:89,1
DA:92,1
DA:93,1
DA:94,1
DA:95,1
DA:97,1
DA:98,1
DA:99,1
DA:100,1
DA:102,2
DA:103,2
DA:104,1
DA:105,1
DA:106,1
DA:107,1
DA:108,2
DA:114,1
DA:115,2
DA:116,1
DA:117,1
DA:118,2
DA:119,1
DA:130,1
DA:131,1
DA:136,1
DA:137,1
DA:140,1
DA:141,2
DA:142,1
DA:143,1
DA:144,1
DA:145,2
DA:146,1
DA:151,1
DA:152,1
DA:158,1
DA:159,1
DA:160,1
DA:161,1
LF:85
LH:80
end_of_record
SF:lib/contentsList/GlossaryPage.dart
DA:7,0
DA:8,0
DA:13,1
DA:15,1
DA:16,1
DA:17,1
DA:18,1
DA:19,1
DA:21,2
DA:23,0
DA:24,0
DA:28,1
DA:29,1
DA:30,1
DA:33,2
DA:36,1
DA:37,1
DA:38,1
DA:39,1
DA:40,1
DA:42,2
DA:44,0
DA:49,1
DA:50,1
DA:51,1
DA:52,1
DA:53,1
DA:55,1
DA:57,1
DA:63,1
DA:67,1
DA:68,1
DA:69,1
DA:72,1
DA:73,1
DA:75,1
DA:80,1
DA:81,1
DA:82,1
DA:83,1
DA:84,1
DA:85,1
DA:87,1
DA:90,2
DA:93,0
DA:95,1
DA:96,1
DA:98,1
DA:101,2
DA:104,0
DA:106,1
DA:107,1
DA:109,1
DA:112,2
DA:115,0
DA:120,1
DA:122,1
DA:127,1
DA:128,1
DA:129,1
DA:130,1
DA:131,1
DA:132,1
DA:134,1
DA:137,2
DA:140,0
DA:142,1
DA:143,1
DA:145,1
DA:148,2
DA:151,0
DA:153,1
DA:154,1
DA:156,1
DA:159,2
DA:162,0
DA:167,1
DA:169,1
DA:174,1
DA:175,1
DA:176,1
DA:177,1
DA:178,1
DA:179,1
DA:181,1
DA:184,2
DA:187,0
DA:189,1
DA:190,1
DA:192,1
DA:195,2
DA:198,0
DA:200,1
DA:201,1
DA:203,1
DA:206,2
DA:209,0
DA:214,1
DA:216,1
DA:221,1
DA:222,1
DA:223,1
DA:224,1
DA:225,1
DA:226,1
DA:228,1
DA:231,2
DA:234,0
DA:236,1
DA:237,1
DA:239,1
DA:242,2
DA:245,0
DA:247,1
DA:248,1
DA:250,1
DA:253,2
DA:256,0
DA:267,2
LF:119
LH:102
end_of_record
SF:lib/contentsList/ListCeremonies.dart
DA:7,0
DA:8,0
DA:13,1
DA:15,1
DA:16,1
DA:17,1
DA:18,1
DA:19,1
DA:21,2
DA:23,0
DA:24,0
DA:28,1
DA:29,1
DA:30,1
DA:33,2
DA:36,1
DA:37,1
DA:38,1
DA:39,1
DA:40,1
DA:42,2
DA:44,0
DA:49,1
DA:50,1
DA:51,1
DA:52,1
DA:53,1
DA:55,1
DA:57,1
DA:63,1
DA:67,1
DA:68,1
DA:69,1
DA:72,1
DA:73,1
DA:75,1
DA:80,1
DA:81,1
DA:82,1
DA:83,1
DA:84,1
DA:85,1
DA:87,1
DA:90,2
DA:93,0
DA:95,1
DA:96,1
DA:98,1
DA:101,2
DA:104,0
DA:106,1
DA:107,1
DA:109,1
DA:112,2
DA:115,0
DA:120,1
DA:122,1
DA:127,1
DA:128,1
DA:129,1
DA:130,1
DA:131,1
DA:132,1
DA:134,1
DA:137,2
DA:140,0
DA:142,1
DA:143,1
DA:145,1
DA:148,2
DA:151,0
DA:153,1
DA:154,1
DA:156,1
DA:159,2
DA:162,0
DA:167,1
DA:169,1
DA:174,1
DA:175,1
DA:176,1
DA:177,1
DA:178,1
DA:179,1
DA:181,1
DA:184,2
DA:187,0
DA:189,1
DA:190,1
DA:192,1
DA:195,2
DA:198,0
DA:200,1
DA:201,1
DA:203,1
DA:206,2
DA:209,0
DA:214,1
DA:216,1
DA:221,1
DA:222,1
DA:223,1
DA:224,1
DA:225,1
DA:226,1
DA:228,1
DA:231,2
DA:234,0
DA:236,1
DA:237,1
DA:239,1
DA:242,2
DA:245,0
DA:247,1
DA:248,1
DA:250,1
DA:253,2
DA:256,0
DA:267,2
LF:119
LH:102
end_of_record
SF:lib/contentsList/ListProblems.dart
DA:7,0
DA:8,0
DA:13,1
DA:15,1
DA:16,2
DA:17,1
DA:18,1
DA:19,1
DA:20,1
DA:22,2
DA:24,0
DA:25,0
DA:29,1
DA:30,1
DA:31,1
DA:34,2
DA:37,1
DA:38,1
DA:39,1
DA:40,1
DA:41,1
DA:43,2
DA:45,0
DA:50,1
DA:51,1
DA:52,1
DA:53,1
DA:54,1
DA:56,1
DA:58,1
DA:64,1
DA:65,1
DA:67,1
DA:71,1
DA:72,1
DA:73,1
DA:76,1
DA:77,1
DA:79,1
DA:84,1
DA:85,1
DA:86,1
DA:87,1
DA:88,1
DA:89,1
DA:91,1
DA:94,2
DA:97,0
DA:99,1
DA:100,1
DA:102,1
DA:105,2
DA:108,0
DA:110,1
DA:111,1
DA:113,1
DA:116,2
DA:119,0
DA:124,1
DA:126,1
DA:131,1
DA:132,1
DA:133,1
DA:134,1
DA:135,1
DA:136,1
DA:138,1
DA:141,2
DA:144,0
DA:146,1
DA:147,1
DA:149,1
DA:152,2
DA:155,0
DA:157,1
DA:158,1
DA:160,1
DA:163,2
DA:166,0
DA:171,1
DA:173,1
DA:178,1
DA:179,1
DA:180,1
DA:181,1
DA:182,1
DA:183,1
DA:185,1
DA:188,2
DA:191,0
DA:193,1
DA:194,1
DA:196,1
DA:199,2
DA:202,0
DA:204,1
DA:205,1
DA:207,1
DA:210,2
DA:213,0
DA:218,1
DA:220,1
DA:225,1
DA:226,1
DA:227,1
DA:228,1
DA:229,1
DA:230,1
DA:232,1
DA:235,2
DA:238,0
DA:240,1
DA:241,1
DA:243,1
DA:246,2
DA:249,0
DA:251,1
DA:252,1
DA:254,1
DA:257,2
DA:260,0
LF:121
LH:104
end_of_record
SF:lib/initScreen/AboutPage.dart
DA:5,1
DA:7,1
DA:8,1
DA:9,2
DA:13,1
DA:14,1
DA:17,1
DA:18,1
DA:19,1
DA:22,1
DA:23,1
DA:26,1
DA:28,2
DA:29,1
DA:32,1
DA:36,1
DA:37,1
DA:38,1
DA:39,1
DA:41,1
DA:44,1
DA:48,1
DA:50,1
DA:51,1
DA:54,1
DA:57,1
DA:62,1
DA:65,1
DA:70,1
DA:73,1
DA:78,1
DA:81,1
DA:86,1
DA:89,1
DA:94,1
DA:97,1
LF:36
LH:36
end_of_record
SF:lib/initScreen/HomeScreen.dart
DA:15,1
DA:16,1
DA:20,1
DA:22,1
DA:23,1
DA:24,1
DA:25,1
DA:26,1
DA:28,2
DA:30,0
DA:31,0
DA:35,1
DA:36,1
DA:37,1
DA:38,2
DA:42,1
DA:43,1
DA:44,1
DA:45,1
DA:46,1
DA:48,2
DA:50,0
DA:55,1
DA:56,1
DA:57,1
DA:58,1
DA:59,1
DA:60,1
DA:62,1
DA:65,2
DA:70,1
DA:72,1
DA:73,1
DA:75,0
DA:76,0
DA:78,0
DA:79,0
DA:85,1
DA:86,1
DA:88,1
DA:90,0
DA:95,1
DA:96,1
DA:98,1
DA:100,1
DA:101,1
DA:103,0
DA:104,0
DA:106,0
DA:107,0
DA:113,1
DA:114,1
DA:116,1
DA:118,0
DA:126,2
LF:55
LH:42
end_of_record
SF:lib/scrumPhaseList/ProductBacklog.dart
DA:13,0
DA:14,0
DA:17,1
DA:19,3
DA:20,3
DA:21,1
DA:22,1
DA:23,1
DA:25,1
DA:26,1
DA:28,2
DA:30,0
DA:31,0
DA:34,1
DA:35,1
DA:36,1
DA:39,2
DA:42,1
DA:43,1
DA:44,1
DA:45,1
DA:46,1
DA:48,2
DA:50,0
DA:55,1
DA:56,1
DA:57,1
DA:58,1
DA:60,1
DA:62,1
DA:65,2
DA:69,1
DA:70,1
DA:72,1
DA:75,1
DA:76,1
DA:77,3
DA:80,2
DA:82,1
DA:84,1
DA:85,1
DA:86,1
DA:87,1
DA:90,0
DA:91,0
DA:93,0
DA:94,0
DA:103,1
DA:106,0
DA:108,1
DA:111,0
DA:117,1
DA:119,1
DA:120,1
DA:121,1
DA:122,1
DA:125,0
DA:127,1
DA:130,0
DA:132,1
DA:135,0
DA:141,1
DA:142,1
DA:144,1
DA:147,1
DA:148,1
DA:150,1
DA:153,2
DA:158,2
DA:160,1
DA:162,1
DA:163,1
DA:165,1
DA:166,1
DA:169,0
DA:170,0
DA:172,0
DA:173,0
DA:182,1
DA:185,0
DA:187,1
DA:190,0
DA:196,1
DA:198,1
DA:199,1
DA:200,1
DA:201,1
DA:203,1
DA:204,1
DA:207,0
DA:209,1
DA:212,0
DA:214,1
DA:217,0
DA:226,2
LF:95
LH:72
end_of_record
SF:lib/initScreen/splashScreen.dart
DA:6,0
DA:7,0
DA:13,0
DA:14,0
DA:16,0
DA:20,0
DA:22,0
DA:23,0
DA:26,0
DA:28,0
DA:29,0
DA:31,0
DA:33,0
DA:36,0
DA:37,0
DA:39,0
DA:40,0
DA:43,0
DA:44,0
DA:45,0
DA:46,0
DA:47,0
DA:49,0
DA:50,0
DA:52,0
DA:54,0
DA:56,0
LF:27
LH:0
end_of_record
